[2024-09-19 20:08:14,440] 25 root - INFO - data ingestion started
[2024-09-19 20:08:14,456] 29 root - INFO -  i have read dataset as a df
[2024-09-19 20:08:14,456] 34 root - INFO -  i have saved the raw dataset in artifact folder
[2024-09-19 20:08:14,456] 36 root - INFO - here i have performed train test split
[2024-09-19 20:08:14,456] 39 root - INFO - train test split completed
[2024-09-19 20:08:14,472] 44 root - INFO - data ingestion part completed
[2024-09-19 20:08:14,519] 74 root - INFO - read train and test data complete
[2024-09-19 20:08:14,519] 75 root - INFO - Train Dataframe Head : 
   Ratings  RAM    ROM  Mobile_Size  Primary_Cam  Selfi_Cam  Battery_Power  Price
0      3.9  6.0   32.0         4.50           48        8.0           1750    999
1      4.6  4.0   64.0         6.20           35        8.0           3500  53990
2      4.1  6.0   32.0         4.50           64        8.0           3000   1599
3      4.5  8.0  256.0         6.18           35        5.0           3800  22999
4      4.4  3.0   32.0         6.20           48        1.0           3800   9790
[2024-09-19 20:08:14,534] 76 root - INFO - Test Dataframe Head : 
   Ratings  RAM    ROM  Mobile_Size  Primary_Cam  Selfi_Cam  Battery_Power  Price
0      4.5  6.0   64.0         6.39           48       13.0           3800  21999
1      3.9  6.0   32.0         4.80           48        8.0           3000    940
2      4.2  6.0   32.0         4.54           48        5.0           2500   1259
3      3.4  4.0   64.0         5.50           48        5.0           3000  13999
4      4.5  8.0  256.0         6.39           48       13.0           3800  29999
[2024-09-19 20:08:14,534] 32 root - INFO - Data Transformation initiated
[2024-09-19 20:08:14,534] 39 root - INFO - Pipeline Initiated
[2024-09-19 20:08:14,535] 112 root - INFO - Exception occured in the initiate_datatransformation
