[2024-09-20 18:36:59,167] 25 root - INFO - data ingestion started
[2024-09-20 18:36:59,167] 29 root - INFO -  i have read dataset as a df
[2024-09-20 18:36:59,181] 34 root - INFO -  i have saved the raw dataset in artifact folder
[2024-09-20 18:36:59,181] 36 root - INFO - here i have performed train test split
[2024-09-20 18:36:59,184] 39 root - INFO - train test split completed
[2024-09-20 18:36:59,192] 44 root - INFO - data ingestion part completed
[2024-09-20 18:36:59,223] 66 root - INFO - read train and test data complete
[2024-09-20 18:36:59,230] 67 root - INFO - Train Dataframe Head : 
   Ratings  RAM   ROM  Mobile_Size  Primary_Cam  Selfi_Cam  Battery_Power  Price
0      4.1  8.0  64.0         4.77           48       18.0           3000   1275
1      4.0  2.0  32.0         6.20           38        2.0           3800   9989
2      4.7  8.0  64.0         6.10           35       12.0           3500  68300
3      3.9  3.0  16.0         5.00           38        5.0           4200   8990
4      4.2  6.0  24.0         4.54           48        8.0           1750   1599
[2024-09-20 18:36:59,230] 68 root - INFO - Test Dataframe Head : 
   Ratings   RAM    ROM  Mobile_Size  Primary_Cam  Selfi_Cam  Battery_Power  Price
0      4.0   3.0   32.0          5.4           38        8.0           3800   7999
1      4.5   8.0  256.0          6.5           48        8.0           3800  38990
2      4.0  12.0   24.0          4.5           48        8.0           3500    799
3      3.9   6.0   32.0          4.5           64       12.0           2000    749
4      4.1   8.0  128.0          6.4           35       20.0           3000  31590
[2024-09-20 18:36:59,239] 79 root - INFO - Applying preprocessing object on training and testing datasets.
[2024-09-20 18:36:59,239] 89 root - INFO - preprocessing pickle file saved
[2024-09-20 18:36:59,239] 28 root - INFO - Splitting Dependent and Independent variables from train and test data
[2024-09-20 18:36:59,889] 49 root - INFO - Model Report : {'LinearRegression': 1.0, 'Lasso': 0.999999985420503, 'Ridge': 0.999993627758558, 'Elasticnet': 0.8592074290633717, 'RandomForestRegressor': 0.999184879896641, 'SVR': -0.2752798417898541, 'DecisionTreeRegressor': 0.9995466124481477}
[2024-09-20 18:36:59,897] 62 root - INFO - Best Model Found , Model Name : LinearRegression , R2 Score : 1.0
