[2024-09-20 16:34:43,315] 25 root - INFO - data ingestion started
[2024-09-20 16:34:43,315] 29 root - INFO -  i have read dataset as a df
[2024-09-20 16:34:43,331] 34 root - INFO -  i have saved the raw dataset in artifact folder
[2024-09-20 16:34:43,331] 36 root - INFO - here i have performed train test split
[2024-09-20 16:34:43,331] 39 root - INFO - train test split completed
[2024-09-20 16:34:43,331] 44 root - INFO - data ingestion part completed
[2024-09-20 16:34:43,346] 74 root - INFO - read train and test data complete
[2024-09-20 16:34:43,346] 75 root - INFO - Train Dataframe Head : 
   Ratings  RAM   ROM  Mobile_Size  Primary_Cam  Selfi_Cam  Battery_Power  Price
0      3.8  6.0  32.0         4.50           64        8.0           1050   1299
1      4.5  6.0  64.0         6.30           48        2.0           3500  19990
2      3.9  6.0  32.0         4.54           25        8.0           3000   1329
3      3.9  4.0  64.0         4.54           64        8.0           1750   1399
4      4.5  4.0  64.0         6.26           35        5.0           3000  15990
[2024-09-20 16:34:43,362] 76 root - INFO - Test Dataframe Head : 
   Ratings  RAM    ROM  Mobile_Size  Primary_Cam  Selfi_Cam  Battery_Power  Price
0      3.9  5.0   32.0         4.54           48        8.0           3000    999
1      4.1  6.0   32.0         4.54           48       20.0           3000   1199
2      4.6  6.0  128.0         6.67           48        8.0           3800  42990
3      4.2  6.0   32.0         4.54           64        8.0           3000    990
4      4.1  8.0   64.0         4.77           48       18.0           3000   1275
[2024-09-20 16:34:43,362] 32 root - INFO - Data Transformation initiated
[2024-09-20 16:34:43,362] 39 root - INFO - Pipeline Initiated
[2024-09-20 16:34:43,362] 112 root - INFO - Exception occured in the initiate_datatransformation
