[2024-09-20 16:46:49,925] 25 root - INFO - data ingestion started
[2024-09-20 16:46:49,933] 29 root - INFO -  i have read dataset as a df
[2024-09-20 16:46:49,938] 34 root - INFO -  i have saved the raw dataset in artifact folder
[2024-09-20 16:46:49,938] 36 root - INFO - here i have performed train test split
[2024-09-20 16:46:49,939] 39 root - INFO - train test split completed
[2024-09-20 16:46:49,944] 44 root - INFO - data ingestion part completed
[2024-09-20 16:46:49,966] 74 root - INFO - read train and test data complete
[2024-09-20 16:46:49,970] 75 root - INFO - Train Dataframe Head : 
   Ratings  RAM    ROM  Mobile_Size  Primary_Cam  Selfi_Cam  Battery_Power  Price
0      4.2  6.0  128.0         6.70           64        5.0           4700  25900
1      3.9  6.0   32.0         4.54           64        8.0           4100   1099
2      4.1  8.0   64.0         4.77           48        8.0           5000   1275
3      3.9  6.0   32.0         4.50           48       11.0           3000    900
4      3.6  6.0   32.0         4.50           48        8.0           3000    898
[2024-09-20 16:46:49,973] 76 root - INFO - Test Dataframe Head : 
   Ratings  RAM    ROM  Mobile_Size  Primary_Cam  Selfi_Cam  Battery_Power  Price
0      4.5  6.0   64.0         6.30           48        2.0           3500  19990
1      3.8  6.0   32.0         4.40           48        8.0           3800    930
2      3.5  6.0   64.0         4.50           48       20.0           3000   1199
3      4.4  6.0   64.0         6.41           48        2.0           3600  18989
4      4.5  6.0  128.0         6.40           64        8.0           6000  19900
[2024-09-20 16:46:49,973] 32 root - INFO - Data Transformation initiated
[2024-09-20 16:46:49,973] 39 root - INFO - Pipeline Initiated
[2024-09-20 16:46:49,974] 112 root - INFO - Exception occured in the initiate_datatransformation
