[2024-09-20 16:31:16,795] 25 root - INFO - data ingestion started
[2024-09-20 16:31:16,795] 29 root - INFO -  i have read dataset as a df
[2024-09-20 16:31:16,811] 34 root - INFO -  i have saved the raw dataset in artifact folder
[2024-09-20 16:31:16,811] 36 root - INFO - here i have performed train test split
[2024-09-20 16:31:16,811] 39 root - INFO - train test split completed
[2024-09-20 16:31:16,811] 44 root - INFO - data ingestion part completed
[2024-09-20 16:31:16,826] 74 root - INFO - read train and test data complete
[2024-09-20 16:31:16,826] 75 root - INFO - Train Dataframe Head : 
   Ratings  RAM    ROM  Mobile_Size  Primary_Cam  Selfi_Cam  Battery_Power  Price
0      4.4  2.0   16.0         6.10           38        2.0           3800   6499
1      3.7  6.0   32.0         4.54           38       16.0           3000   1299
2      4.4  8.0  128.0         6.40           64       13.0           4025  29990
3      4.4  8.0  256.0         6.44           48        8.0           4700  31990
4      4.4  8.0  128.0         6.70           64        5.0           4700  29999
[2024-09-20 16:31:16,826] 76 root - INFO - Test Dataframe Head : 
   Ratings   RAM    ROM  Mobile_Size  Primary_Cam  Selfi_Cam  Battery_Power  Price
0      4.4   6.0   64.0         6.38           48        8.0           4700  18990
1      4.5   8.0  128.0         6.70           48       12.0           4700  47999
2      4.1   3.0   32.0         5.40           38        5.0           3000   7490
3      4.7  12.0   64.0         4.70           35        7.0           3500  56999
4      3.4   6.0   32.0         4.50           48        8.0           1050    629
[2024-09-20 16:31:16,826] 32 root - INFO - Data Transformation initiated
[2024-09-20 16:31:16,826] 39 root - INFO - Pipeline Initiated
[2024-09-20 16:31:16,826] 112 root - INFO - Exception occured in the initiate_datatransformation
