[2024-09-20 16:24:50,231] 25 root - INFO - data ingestion started
[2024-09-20 16:24:50,231] 29 root - INFO -  i have read dataset as a df
[2024-09-20 16:24:50,247] 34 root - INFO -  i have saved the raw dataset in artifact folder
[2024-09-20 16:24:50,247] 36 root - INFO - here i have performed train test split
[2024-09-20 16:24:50,247] 39 root - INFO - train test split completed
[2024-09-20 16:24:50,247] 44 root - INFO - data ingestion part completed
[2024-09-20 16:24:50,263] 74 root - INFO - read train and test data complete
[2024-09-20 16:24:50,279] 75 root - INFO - Train Dataframe Head : 
   Ratings   RAM    ROM  Mobile_Size  Primary_Cam  Selfi_Cam  Battery_Power  Price
0      3.4   6.0   32.0          4.5           48        5.0           1050    629
1      3.7  10.0   32.0          4.5           64        8.0           3500    799
2      4.2   4.0    4.0          4.5           64        8.0           3500   1149
3      4.4   8.0  128.0          6.7           64       12.0           4700  32999
4      4.5   8.0  128.0          6.7           48       12.0           4700  42999
[2024-09-20 16:24:50,279] 76 root - INFO - Test Dataframe Head : 
   Ratings  RAM   ROM  Mobile_Size  Primary_Cam  Selfi_Cam  Battery_Power  Price
0      3.6  6.0  32.0         4.54           38        0.0           1200    945
1      4.2  4.0   4.0         4.50           64       15.0           3500   1349
2      4.1  6.0  32.0         4.77           48        8.0           2500   1099
3      3.7  6.0  32.0         4.50           48        8.0           3000    645
4      3.9  6.0  32.0         4.54           25        8.0           3000   1329
[2024-09-20 16:24:50,279] 32 root - INFO - Data Transformation initiated
[2024-09-20 16:24:50,279] 39 root - INFO - Pipeline Initiated
[2024-09-20 16:24:50,279] 112 root - INFO - Exception occured in the initiate_datatransformation
