[2024-09-23 01:28:06,996] 25 root - INFO - data ingestion started
[2024-09-23 01:28:07,001] 29 root - INFO -  i have read dataset as a df
[2024-09-23 01:28:07,013] 34 root - INFO -  i have saved the raw dataset in artifact folder
[2024-09-23 01:28:07,013] 36 root - INFO - here i have performed train test split
[2024-09-23 01:28:07,015] 39 root - INFO - train test split completed
[2024-09-23 01:28:07,019] 44 root - INFO - data ingestion part completed
[2024-09-23 01:28:07,035] 70 root - INFO - read train and test data complete
[2024-09-23 01:28:07,048] 71 root - INFO - Train Dataframe Head : 
   Unnamed: 0  Ratings  RAM  ROM  Mobile_Size  Primary_Cam  Selfi_Cam  Battery_Power  Price
0         471        4    6  128            6           26          5           3000  27999
1         676        4    8  256            6           26         20           4780  53990
2         684        3    8    8            4           48          8           1900   1680
3         389        4    6   64            5           35         12           3500  36999
4         357        4    8  256            6           48         13           4065  41990
[2024-09-23 01:28:07,048] 72 root - INFO - Test Dataframe Head : 
   Unnamed: 0  Ratings  RAM  ROM  Mobile_Size  Primary_Cam  Selfi_Cam  Battery_Power  Price
0         503        3   12   12            4           48          8           3000   1579
1         472        3    6   35            4           64          8           1050    849
2         631        4    6   32            4           64          8           1750   1799
3         481        3    6   32            4           48          8           3000    999
4         150        3    6   32            4           48          8           3000    813
[2024-09-23 01:28:07,048] 30 root - INFO - Data Transformation initiated
[2024-09-23 01:28:07,048] 90 root - INFO - Applying preprocessing object on training and testing datasets.
[2024-09-23 01:28:07,063] 100 root - INFO - preprocessing pickle file saved
[2024-09-23 01:28:07,064] 28 root - INFO - Splitting Dependent and Independent variables from train and test data
[2024-09-23 01:28:07,365] 49 root - INFO - Model Report : {'LinearRegression': 0.3455315674155428, 'Lasso': 0.3455397678065988, 'Ridge': 0.34558402676096167, 'Elasticnet': 0.3298846855145324, 'RandomForestRegressor': 0.6945607617853757, 'SVR': -0.2775190225462283, 'DecisionTreeRegressor': 0.6365672922689785}
[2024-09-23 01:28:07,365] 62 root - INFO - Best Model Found , Model Name : RandomForestRegressor , R2 Score : 0.6945607617853757
