[2024-09-20 17:41:43,355] 25 root - INFO - data ingestion started
[2024-09-20 17:41:43,362] 29 root - INFO -  i have read dataset as a df
[2024-09-20 17:41:43,362] 34 root - INFO -  i have saved the raw dataset in artifact folder
[2024-09-20 17:41:43,362] 36 root - INFO - here i have performed train test split
[2024-09-20 17:41:43,371] 39 root - INFO - train test split completed
[2024-09-20 17:41:43,373] 44 root - INFO - data ingestion part completed
[2024-09-20 17:41:43,402] 74 root - INFO - read train and test data complete
[2024-09-20 17:41:43,403] 75 root - INFO - Train Dataframe Head : 
   Ratings  RAM    ROM  Mobile_Size  Primary_Cam  Selfi_Cam  Battery_Power   Price
0      4.4  8.0  128.0         6.44           48       13.0           4440   34990
1      3.5  6.0   32.0         4.50           64       15.0           1050     799
2      4.7  8.0   64.0         5.80           35       12.0           3500  140300
3      4.1  1.0   16.0         5.00            5        2.0           2500    5049
4      4.1  8.0   64.0         4.77           48        8.0           3000    1275
[2024-09-20 17:41:43,412] 76 root - INFO - Test Dataframe Head : 
   Ratings  RAM    ROM  Mobile_Size  Primary_Cam  Selfi_Cam  Battery_Power  Price
0      3.7  6.0   64.0         4.50           48        8.0           3000    639
1      3.8  6.0   32.0         4.77           48       15.0           3000    959
2      3.7  6.0   32.0         4.50           48        8.0           3000    649
3      4.6  6.0  128.0         6.67           48        8.0           3800  42990
4      4.4  6.0   64.0         6.41           48        2.0           3600  18989
[2024-09-20 17:41:43,412] 32 root - INFO - Data Transformation initiated
[2024-09-20 17:41:43,412] 39 root - INFO - Pipeline Initiated
[2024-09-20 17:41:43,412] 112 root - INFO - Exception occured in the initiate_datatransformation
