[2024-09-20 19:22:59,149] 25 root - INFO - data ingestion started
[2024-09-20 19:22:59,163] 29 root - INFO -  i have read dataset as a df
[2024-09-20 19:22:59,169] 34 root - INFO -  i have saved the raw dataset in artifact folder
[2024-09-20 19:22:59,169] 36 root - INFO - here i have performed train test split
[2024-09-20 19:22:59,169] 39 root - INFO - train test split completed
[2024-09-20 19:22:59,179] 44 root - INFO - data ingestion part completed
[2024-09-20 19:22:59,230] 66 root - INFO - read train and test data complete
[2024-09-20 19:22:59,242] 67 root - INFO - Train Dataframe Head : 
   Ratings  RAM    ROM  Mobile_Size  Primary_Cam  Selfi_Cam  Battery_Power   Price
0      4.0  6.0   32.0         4.54           48       11.0           1900    1399
1      3.5  8.0   25.0         4.50           48       22.0           3500     697
2      4.7  8.0   64.0         5.80           35       12.0           3500  140300
3      4.3  8.0  128.0         6.52           48        8.0           5000   15990
4      3.6  8.0   32.0         4.50           48        8.0           3000     649
[2024-09-20 19:22:59,249] 68 root - INFO - Test Dataframe Head : 
   Ratings   RAM    ROM  Mobile_Size  Primary_Cam  Selfi_Cam  Battery_Power   Price
0      3.9   6.0   32.0         4.50           64        8.0           3000    1089
1      4.5   6.0  128.0         6.39           48       13.0           3800   24999
2      4.7  12.0   64.0         4.70           35        7.0           3500   56999
3      4.7   8.0   64.0         5.80           35       12.0           3500  140300
4      3.6   6.0   32.0         4.50           48        8.0           3000     639
[2024-09-20 19:22:59,267] 79 root - INFO - Applying preprocessing object on training and testing datasets.
[2024-09-20 19:22:59,270] 89 root - INFO - preprocessing pickle file saved
[2024-09-20 19:22:59,270] 28 root - INFO - Splitting Dependent and Independent variables from train and test data
[2024-09-20 19:23:00,474] 49 root - INFO - Model Report : {'LinearRegression': 1.0, 'Lasso': 0.9999999852313308, 'Ridge': 0.9999950440320542, 'Elasticnet': 0.8798849548536621, 'RandomForestRegressor': 0.9989007972042592, 'SVR': -0.3162381988463969, 'DecisionTreeRegressor': 0.9993163366792629}
[2024-09-20 19:23:00,474] 62 root - INFO - Best Model Found , Model Name : LinearRegression , R2 Score : 1.0
