[2024-09-20 18:03:34,279] 25 root - INFO - data ingestion started
[2024-09-20 18:03:34,287] 29 root - INFO -  i have read dataset as a df
[2024-09-20 18:03:34,290] 34 root - INFO -  i have saved the raw dataset in artifact folder
[2024-09-20 18:03:34,290] 36 root - INFO - here i have performed train test split
[2024-09-20 18:03:34,290] 39 root - INFO - train test split completed
[2024-09-20 18:03:34,299] 44 root - INFO - data ingestion part completed
[2024-09-20 18:03:34,339] 74 root - INFO - read train and test data complete
[2024-09-20 18:03:34,339] 75 root - INFO - Train Dataframe Head : 
   Ratings  RAM    ROM  Mobile_Size  Primary_Cam  Selfi_Cam  Battery_Power  Price
0      4.0  6.0   32.0         4.50           48        5.0           3000   1049
1      4.5  8.0  256.0         6.30           35       12.0           3500  75000
2      4.5  8.0  128.0         6.44           48        8.0           4700  24990
3      3.0  8.0   64.0         4.54           48       23.0           3800    899
4      4.3  4.0   64.0         6.20           38        2.0           4230  15656
[2024-09-20 18:03:34,347] 76 root - INFO - Test Dataframe Head : 
   Ratings  RAM   ROM  Mobile_Size  Primary_Cam  Selfi_Cam  Battery_Power  Price
0      4.5  6.0  32.0         4.50           48        8.0           2500    799
1      3.4  4.0  64.0         5.50           48        5.0           3000  13999
2      3.9  6.0  32.0         4.50           64        8.0           3000   1089
3      3.7  8.0  64.0         4.50           64        8.0           1050    799
4      4.5  6.0  64.0         4.54           48        8.0           2800    649
[2024-09-20 18:03:34,347] 32 root - INFO - Data Transformation initiated
[2024-09-20 18:03:34,347] 39 root - INFO - Pipeline Initiated
[2024-09-20 18:03:34,347] 112 root - INFO - Exception occured in the initiate_datatransformation
