[2024-09-20 18:24:31,109] 25 root - INFO - data ingestion started
[2024-09-20 18:24:31,113] 29 root - INFO -  i have read dataset as a df
[2024-09-20 18:24:31,121] 34 root - INFO -  i have saved the raw dataset in artifact folder
[2024-09-20 18:24:31,121] 36 root - INFO - here i have performed train test split
[2024-09-20 18:24:31,121] 39 root - INFO - train test split completed
[2024-09-20 18:24:31,135] 44 root - INFO - data ingestion part completed
[2024-09-20 18:24:31,149] 66 root - INFO - read train and test data complete
[2024-09-20 18:24:31,161] 67 root - INFO - Train Dataframe Head : 
   Ratings   RAM    ROM  Mobile_Size  Primary_Cam  Selfi_Cam  Battery_Power  Price
0      4.1   8.0   64.0         4.54           64        8.0           2500   1199
1      3.6   1.0   32.0         4.50           48        8.0           3500    799
2      4.5   8.0  128.0         6.70           64        1.0           4700  77999
3      4.4  12.0   25.0         6.44           48       13.0           4440  44990
4      4.4   2.0   32.0         6.22           38        5.0           4030   8996
[2024-09-20 18:24:31,161] 68 root - INFO - Test Dataframe Head : 
   Ratings  RAM   ROM  Mobile_Size  Primary_Cam  Selfi_Cam  Battery_Power  Price
0      4.2  6.0  32.0         4.54           48        5.0           1750   1549
1      4.2  4.0  64.0         4.50           64       16.0           3000   1099
2      4.3  6.0  64.0         6.50           48        8.0           5000  18499
3      3.8  6.0  32.0         4.54           48       16.0           3000   1349
4      3.2  6.0  64.0         4.50           64        8.0           3500    539
[2024-09-20 18:24:31,170] 79 root - INFO - Applying preprocessing object on training and testing datasets.
[2024-09-20 18:24:31,170] 89 root - INFO - preprocessing pickle file saved
[2024-09-20 18:24:31,170] 28 root - INFO - Splitting Dependent and Independent variables from train and test data
[2024-09-20 18:24:31,879] 49 root - INFO - Model Report : {'LinearRegression': 1.0, 'Lasso': 0.9999999868117965, 'Ridge': 0.9999956307422453, 'Elasticnet': 0.8933225347840817, 'RandomForestRegressor': 0.9994578717637007, 'SVR': -0.33802770651441283, 'DecisionTreeRegressor': 0.9975387049053515}
[2024-09-20 18:24:31,879] 62 root - INFO - Best Model Found , Model Name : LinearRegression , R2 Score : 1.0
