[2024-09-20 16:22:56,688] 25 root - INFO - data ingestion started
[2024-09-20 16:22:56,688] 29 root - INFO -  i have read dataset as a df
[2024-09-20 16:22:56,688] 34 root - INFO -  i have saved the raw dataset in artifact folder
[2024-09-20 16:22:56,688] 36 root - INFO - here i have performed train test split
[2024-09-20 16:22:56,688] 39 root - INFO - train test split completed
[2024-09-20 16:22:56,704] 44 root - INFO - data ingestion part completed
[2024-09-20 16:22:56,719] 74 root - INFO - read train and test data complete
[2024-09-20 16:22:56,719] 75 root - INFO - Train Dataframe Head : 
   Ratings   RAM    ROM  Mobile_Size  Primary_Cam  Selfi_Cam  Battery_Power  Price
0      4.1   8.0   64.0         4.54           64        8.0           2500   1390
1      3.4   6.0   64.0         4.50           48        5.0           3000   1099
2      3.9   3.0   16.0         5.00           38        5.0           4200   8990
3      4.5   8.0  128.0         6.70           48       12.0           4700  47999
4      3.7  10.0   32.0         4.50           64        8.0           3500    799
[2024-09-20 16:22:56,719] 76 root - INFO - Test Dataframe Head : 
   Ratings  RAM    ROM  Mobile_Size  Primary_Cam  Selfi_Cam  Battery_Power   Price
0      4.7  8.0   64.0         6.50           35       12.0           3500  117100
1      4.0  6.0   32.0         4.77           48        8.0           3000    2100
2      4.2  6.0   32.0         4.54           64        8.0           2500    1619
3      4.5  6.0  128.0         6.39           48       13.0           3800   24999
4      3.7  6.0   64.0         4.54           48        8.0           1500     749
[2024-09-20 16:22:56,719] 32 root - INFO - Data Transformation initiated
[2024-09-20 16:22:56,719] 39 root - INFO - Pipeline Initiated
[2024-09-20 16:22:56,719] 112 root - INFO - Exception occured in the initiate_datatransformation
