[2024-09-20 16:38:33,327] 25 root - INFO - data ingestion started
[2024-09-20 16:38:33,334] 29 root - INFO -  i have read dataset as a df
[2024-09-20 16:38:33,337] 34 root - INFO -  i have saved the raw dataset in artifact folder
[2024-09-20 16:38:33,337] 36 root - INFO - here i have performed train test split
[2024-09-20 16:38:33,337] 39 root - INFO - train test split completed
[2024-09-20 16:38:33,337] 44 root - INFO - data ingestion part completed
[2024-09-20 16:38:33,364] 74 root - INFO - read train and test data complete
[2024-09-20 16:38:33,367] 75 root - INFO - Train Dataframe Head : 
   Ratings  RAM    ROM  Mobile_Size  Primary_Cam  Selfi_Cam  Battery_Power  Price
0      4.6  4.0   64.0         6.20           35        8.0           3500  53990
1      3.9  6.0   32.0         4.77           48        8.0           1750   1451
2      3.6  6.0   64.0         4.50           48        5.0           3000   1099
3      4.4  8.0  128.0         6.70           64        5.0           4700  29999
4      4.1  8.0   64.0         4.77           48        8.0           3000   1275
[2024-09-20 16:38:33,367] 76 root - INFO - Test Dataframe Head : 
   Ratings  RAM    ROM  Mobile_Size  Primary_Cam  Selfi_Cam  Battery_Power  Price
0      3.9  6.0   32.0         4.50           48        8.0           3000    813
1      3.6  6.0   32.0         4.50           48        8.0           3000    898
2      4.5  4.0  128.0         6.38           48        8.0           4700  16990
3      4.5  8.0  128.0         6.30           48        2.0           3500  15490
4      3.7  8.0   64.0         4.50           48        5.0           3000    479
[2024-09-20 16:38:33,367] 32 root - INFO - Data Transformation initiated
[2024-09-20 16:38:33,367] 39 root - INFO - Pipeline Initiated
[2024-09-20 16:38:33,367] 112 root - INFO - Exception occured in the initiate_datatransformation
