[2024-09-20 17:00:29,976] 25 root - INFO - data ingestion started
[2024-09-20 17:00:29,992] 29 root - INFO -  i have read dataset as a df
[2024-09-20 17:00:29,992] 34 root - INFO -  i have saved the raw dataset in artifact folder
[2024-09-20 17:00:29,992] 36 root - INFO - here i have performed train test split
[2024-09-20 17:00:29,992] 39 root - INFO - train test split completed
[2024-09-20 17:00:29,992] 44 root - INFO - data ingestion part completed
[2024-09-20 17:00:30,008] 74 root - INFO - read train and test data complete
[2024-09-20 17:00:30,008] 75 root - INFO - Train Dataframe Head : 
   Ratings  RAM   ROM  Mobile_Size  Primary_Cam  Selfi_Cam  Battery_Power  Price
0      4.2  6.0  24.0        4.540           48        8.0           1750   1599
1      4.2  4.0  22.0        4.503           48        8.0           3000   2025
2      3.9  6.0  32.0        4.500           64       20.0           3000    950
3      4.4  4.0  64.0        6.000           48        8.0           3750  11950
4      4.3  2.0  32.0        6.100            8        5.0           3800   8490
[2024-09-20 17:00:30,023] 76 root - INFO - Test Dataframe Head : 
   Ratings  RAM    ROM  Mobile_Size  Primary_Cam  Selfi_Cam  Battery_Power  Price
0      3.9  6.0   32.0         4.58           48        8.0           3000   1499
1      4.5  8.0  128.0         6.44           48       13.0           4100  29499
2      4.4  6.0  128.0         6.30           26        5.0           3000  27999
3      3.4  6.0   32.0         4.77           48        8.0           3000    559
4      3.9  6.0   32.0         4.50           48        8.0           3000    900
[2024-09-20 17:00:30,023] 32 root - INFO - Data Transformation initiated
[2024-09-20 17:00:30,023] 39 root - INFO - Pipeline Initiated
[2024-09-20 17:00:30,023] 112 root - INFO - Exception occured in the initiate_datatransformation
