[2024-09-20 18:02:35,017] 25 root - INFO - data ingestion started
[2024-09-20 18:02:35,019] 29 root - INFO -  i have read dataset as a df
[2024-09-20 18:02:35,027] 34 root - INFO -  i have saved the raw dataset in artifact folder
[2024-09-20 18:02:35,027] 36 root - INFO - here i have performed train test split
[2024-09-20 18:02:35,027] 39 root - INFO - train test split completed
[2024-09-20 18:02:35,035] 44 root - INFO - data ingestion part completed
[2024-09-20 18:02:35,082] 74 root - INFO - read train and test data complete
[2024-09-20 18:02:35,089] 75 root - INFO - Train Dataframe Head : 
   Ratings  RAM    ROM  Mobile_Size  Primary_Cam  Selfi_Cam  Battery_Power  Price
0      3.6  8.0   64.0         4.54           64       15.0           2500   1079
1      4.4  4.0   64.0         5.99           48        2.0           3225  22221
2      4.4  8.0  128.0         6.70           64        5.0           4700  29999
3      3.4  6.0   64.0         4.50           48       12.0           4000  15999
4      4.1  3.0   32.0         5.40           38        5.0           3000   7490
[2024-09-20 18:02:35,089] 76 root - INFO - Test Dataframe Head : 
   Ratings  RAM    ROM  Mobile_Size  Primary_Cam  Selfi_Cam  Battery_Power  Price
0      3.5  6.0   32.0         4.50           64        8.0           1050    799
1      3.5  6.0   64.0         4.50           48       20.0           3000   1299
2      4.4  6.0   64.0         6.38           48        8.0           4700  18999
3      4.2  4.0    4.0         4.50           64       13.0           3500   1575
4      4.5  8.0  128.0         6.70           35       12.0           4700  39999
[2024-09-20 18:02:35,089] 32 root - INFO - Data Transformation initiated
[2024-09-20 18:02:35,089] 39 root - INFO - Pipeline Initiated
[2024-09-20 18:02:35,089] 112 root - INFO - Exception occured in the initiate_datatransformation
