[2024-09-20 18:12:30,807] 25 root - INFO - data ingestion started
[2024-09-20 18:12:30,807] 29 root - INFO -  i have read dataset as a df
[2024-09-20 18:12:30,817] 34 root - INFO -  i have saved the raw dataset in artifact folder
[2024-09-20 18:12:30,817] 36 root - INFO - here i have performed train test split
[2024-09-20 18:12:30,817] 39 root - INFO - train test split completed
[2024-09-20 18:12:30,827] 44 root - INFO - data ingestion part completed
[2024-09-20 18:12:30,848] 74 root - INFO - read train and test data complete
[2024-09-20 18:12:30,857] 75 root - INFO - Train Dataframe Head : 
   Ratings  RAM    ROM  Mobile_Size  Primary_Cam  Selfi_Cam  Battery_Power  Price
0      3.8  6.0   32.0         4.40           48        8.0           2500    705
1      3.1  6.0   32.0         4.50           48        8.0           3000    599
2      4.2  6.0   32.0         4.54           64        8.0           2500   1619
3      4.5  8.0  256.0         6.50           48        8.0           3800  38990
4      4.5  6.0   64.0         6.30           48        2.0           3500  19990
[2024-09-20 18:12:30,865] 76 root - INFO - Test Dataframe Head : 
   Ratings   RAM   ROM  Mobile_Size  Primary_Cam  Selfi_Cam  Battery_Power  Price
0      4.0   8.0  32.0         4.77           48        8.0           2500   1045
1      4.4   6.0  64.0         6.40           48        5.0           3800  18999
2      3.8   4.0  64.0         4.54           48       15.0           1200   3580
3      3.8  12.0  64.0         4.54           48        8.0           2800   1460
4      3.4   6.0  64.0         4.54           20        8.0           3500   1299
[2024-09-20 18:12:30,865] 32 root - INFO - Data Transformation initiated
[2024-09-20 18:12:30,865] 39 root - INFO - Pipeline Initiated
[2024-09-20 18:12:30,865] 112 root - INFO - Exception occured in the initiate_datatransformation
