[2024-09-20 17:35:18,445] 25 root - INFO - data ingestion started
[2024-09-20 17:35:18,445] 29 root - INFO -  i have read dataset as a df
[2024-09-20 17:35:18,445] 34 root - INFO -  i have saved the raw dataset in artifact folder
[2024-09-20 17:35:18,445] 36 root - INFO - here i have performed train test split
[2024-09-20 17:35:18,461] 39 root - INFO - train test split completed
[2024-09-20 17:35:18,468] 44 root - INFO - data ingestion part completed
[2024-09-20 17:35:18,476] 74 root - INFO - read train and test data complete
[2024-09-20 17:35:18,492] 75 root - INFO - Train Dataframe Head : 
   Ratings  RAM   ROM  Mobile_Size  Primary_Cam  Selfi_Cam  Battery_Power   Price
0      3.8  8.0  64.0         4.77           48        8.0           3000     649
1      3.8  6.0  32.0         4.54           48        8.0           2800    1299
2      4.2  4.0   4.0         4.50           64       13.0           3500    1599
3      3.9  6.0  32.0         4.77           48        8.0           1750    1451
4      4.7  8.0  64.0         6.50           35       12.0           3000  117100
[2024-09-20 17:35:18,492] 76 root - INFO - Test Dataframe Head : 
   Ratings   RAM    ROM  Mobile_Size  Primary_Cam  Selfi_Cam  Battery_Power  Price
0      4.5   6.0   32.0         4.50           25        8.0           1080    649
1      4.0   8.0   32.0         4.77           48        8.0           2500   1045
2      4.5   8.0  256.0         6.50           48        8.0           3800  38990
3      4.1  10.0   25.0         6.41           48        2.0           3000  39999
4      3.5   6.0   64.0         4.50           48        8.0           3000    639
[2024-09-20 17:35:18,492] 32 root - INFO - Data Transformation initiated
[2024-09-20 17:35:18,492] 39 root - INFO - Pipeline Initiated
[2024-09-20 17:35:18,492] 112 root - INFO - Exception occured in the initiate_datatransformation
