[2024-09-22 16:32:33,760] 25 root - INFO - data ingestion started
[2024-09-22 16:32:33,778] 29 root - INFO -  i have read dataset as a df
[2024-09-22 16:32:33,792] 34 root - INFO -  i have saved the raw dataset in artifact folder
[2024-09-22 16:32:33,792] 36 root - INFO - here i have performed train test split
[2024-09-22 16:32:33,797] 39 root - INFO - train test split completed
[2024-09-22 16:32:33,797] 44 root - INFO - data ingestion part completed
[2024-09-22 16:32:33,839] 70 root - INFO - read train and test data complete
[2024-09-22 16:32:33,848] 71 root - INFO - Train Dataframe Head : 
   Ratings  RAM    ROM  Mobile_Size  Primary_Cam  Selfi_Cam  Battery_Power   Price
0      4.3  4.0    4.0         4.77           64       11.0           3500    1349
1      3.9  6.0   32.0         4.50           64        8.0           3000    1089
2      4.4  6.0  128.0         6.59           48        8.0           3800   16999
3      4.7  8.0   64.0         5.80           35       12.0           3500  140300
4      4.5  6.0   64.0         4.54           48        8.0           2800     649
[2024-09-22 16:32:33,855] 72 root - INFO - Test Dataframe Head : 
   Ratings  RAM    ROM  Mobile_Size  Primary_Cam  Selfi_Cam  Battery_Power  Price
0      4.5  4.0  128.0         6.38           48        8.0           4700  16990
1      3.8  6.0   32.0         4.40           48        8.0           3000    930
2      3.5  6.0   64.0         4.50           48       20.0           3000    669
3      4.5  4.0  128.0         6.50           48        8.0           5000  11999
4      4.1  6.0   25.0         4.54           48       12.0           3000   1369
[2024-09-22 16:32:33,856] 30 root - INFO - Data Transformation initiated
[2024-09-22 16:32:33,871] 90 root - INFO - Applying preprocessing object on training and testing datasets.
[2024-09-22 16:32:33,871] 100 root - INFO - preprocessing pickle file saved
[2024-09-22 16:32:33,871] 28 root - INFO - Splitting Dependent and Independent variables from train and test data
[2024-09-22 16:32:34,298] 49 root - INFO - Model Report : {'LinearRegression': 0.4058859129590473, 'Lasso': 0.40590974078455033, 'Ridge': 0.4062086648318717, 'Elasticnet': 0.43081351302628035, 'RandomForestRegressor': 0.794947597237202, 'SVR': -0.22335774565266364, 'DecisionTreeRegressor': 0.7867783868470611}
[2024-09-22 16:32:34,298] 62 root - INFO - Best Model Found , Model Name : RandomForestRegressor , R2 Score : 0.794947597237202
