[2024-09-20 16:14:05,101] 25 root - INFO - data ingestion started
[2024-09-20 16:14:05,117] 29 root - INFO -  i have read dataset as a df
[2024-09-20 16:14:05,133] 34 root - INFO -  i have saved the raw dataset in artifact folder
[2024-09-20 16:14:05,133] 36 root - INFO - here i have performed train test split
[2024-09-20 16:14:05,133] 39 root - INFO - train test split completed
[2024-09-20 16:14:05,133] 44 root - INFO - data ingestion part completed
[2024-09-20 16:14:05,148] 74 root - INFO - read train and test data complete
[2024-09-20 16:14:05,148] 75 root - INFO - Train Dataframe Head : 
   Ratings  RAM   ROM  Mobile_Size  Primary_Cam  Selfi_Cam  Battery_Power   Price
0      3.5  6.0  32.0         4.50           64       17.0           1050     799
1      4.4  3.0  32.0         6.20           48        1.0           3800    9790
2      4.7  8.0  64.0         6.50           35       12.0           3500  117100
3      4.1  6.0  32.0         3.70           64       12.0           3500     945
4      3.9  6.0  32.0         4.54           25        8.0           3000    1329
[2024-09-20 16:14:05,164] 76 root - INFO - Test Dataframe Head : 
   Ratings  RAM   ROM  Mobile_Size  Primary_Cam  Selfi_Cam  Battery_Power  Price
0      4.6  4.0  64.0         6.20           35        8.0           3500  53990
1      3.8  6.0  32.0        44.00           48        8.0           3000    890
2      4.1  8.0  64.0         4.77           48        8.0           3000   1275
3      4.1  3.0  32.0         5.40           38        5.0           3000   7490
4      4.4  3.0  32.0         6.10           38        5.0           3260  13990
[2024-09-20 16:14:05,164] 32 root - INFO - Data Transformation initiated
[2024-09-20 16:14:05,164] 39 root - INFO - Pipeline Initiated
[2024-09-20 16:14:05,164] 112 root - INFO - Exception occured in the initiate_datatransformation
