[2024-09-20 16:44:37,447] 25 root - INFO - data ingestion started
[2024-09-20 16:44:37,447] 29 root - INFO -  i have read dataset as a df
[2024-09-20 16:44:37,463] 34 root - INFO -  i have saved the raw dataset in artifact folder
[2024-09-20 16:44:37,463] 36 root - INFO - here i have performed train test split
[2024-09-20 16:44:37,463] 39 root - INFO - train test split completed
[2024-09-20 16:44:37,463] 44 root - INFO - data ingestion part completed
[2024-09-20 16:44:37,479] 74 root - INFO - read train and test data complete
[2024-09-20 16:44:37,479] 75 root - INFO - Train Dataframe Head : 
   Ratings  RAM    ROM  Mobile_Size  Primary_Cam  Selfi_Cam  Battery_Power  Price
0      3.8  6.0   32.0         4.77           48       15.0           3000    995
1      4.5  8.0  128.0         6.70           48       12.0           4700  47999
2      3.9  6.0   32.0         4.50           48        8.0           3000    900
3      4.2  4.0   64.0         5.99           40       12.0           3010  14990
4      4.5  8.0  128.0         6.70           48       12.0           4700  47999
[2024-09-20 16:44:37,494] 76 root - INFO - Test Dataframe Head : 
   Ratings  RAM    ROM  Mobile_Size  Primary_Cam  Selfi_Cam  Battery_Power  Price
0      4.2  4.0    4.0         4.50           64       13.0           3500   1575
1      3.5  6.0   64.0         4.50           48        8.0           3000    749
2      4.5  8.0  128.0         6.30           48        2.0           3500  15490
3      4.1  8.0   64.0         4.77           48       18.0           3000   1275
4      4.5  6.0   32.0         4.50           48        8.0           2500    799
[2024-09-20 16:44:37,494] 32 root - INFO - Data Transformation initiated
[2024-09-20 16:44:37,494] 39 root - INFO - Pipeline Initiated
[2024-09-20 16:44:37,494] 112 root - INFO - Exception occured in the initiate_datatransformation
